# JRE version: OpenJDK Runtime Environment (17.0.7) (build 17.0.7+0-b2043.56-10550314)
# Java VM: OpenJDK 64-Bit Server VM (17.0.7+0-b2043.56-10550314, mixed mode, tiered, compressed oops, compressed class ptrs, g1 gc, windows-amd64)
GC Precious Log:
 CPUs: 12 total, 12 available
 Memory: 6005M
 Large Page Support: Disabled
 NUMA Support: Disabled
 Compressed Oops: Enabled (32-bit)
 Heap Region Size: 1M
 Heap Min Capacity: 8M
 Heap Initial Capacity: 94M
 Heap Max Capacity: 2G
 Pre-touch: Disabled
 Parallel Workers: 10
 Concurrent Workers: 3
 Concurrent Refinement Workers: 10
 Periodic GC: Disabled
Heap:
 garbage-first heap   total 342016K, used 164467K [0x0000000080000000, 0x0000000100000000)
  region size 1024K, 66 young (67584K), 0 survivors (0K)
 Metaspace       used 157935K, committed 160064K, reserved 1245184K
  class space    used 21460K, committed 22208K, reserved 1048576K
GC Heap History (20 events):
Event: 1449.319 GC heap before
{Heap before GC invocations=86 (full 0):
 garbage-first heap   total 373760K, used 300581K [0x0000000080000000, 0x0000000100000000)
  region size 1024K, 121 young (123904K), 2 survivors (2048K)
 Metaspace       used 157526K, committed 158656K, reserved 1245184K
  class space    used 21640K, committed 22208K, reserved 1048576K
}
Event: 1449.338 GC heap after
{Heap after GC invocations=87 (full 0):
 garbage-first heap   total 373760K, used 187649K [0x0000000080000000, 0x0000000100000000)
  region size 1024K, 10 young (10240K), 10 survivors (10240K)
 Metaspace       used 157526K, committed 158656K, reserved 1245184K
  class space    used 21640K, committed 22208K, reserved 1048576K
}
Event: 1458.482 GC heap before
{Heap before GC invocations=88 (full 0):
 garbage-first heap   total 373760K, used 293121K [0x0000000080000000, 0x0000000100000000)
  region size 1024K, 122 young (124928K), 10 survivors (10240K)
 Metaspace       used 157595K, committed 158720K, reserved 1245184K
  class space    used 21642K, committed 22208K, reserved 1048576K
}
Event: 1458.496 GC heap after
{Heap after GC invocations=89 (full 0):
 garbage-first heap   total 373760K, used 176146K [0x0000000080000000, 0x0000000100000000)
  region size 1024K, 2 young (2048K), 2 survivors (2048K)
 Metaspace       used 157595K, committed 158720K, reserved 1245184K
  class space    used 21642K, committed 22208K, reserved 1048576K
}
Event: 1458.615 GC heap before
{Heap before GC invocations=89 (full 0):
 garbage-first heap   total 373760K, used 192530K [0x0000000080000000, 0x0000000100000000)
  region size 1024K, 18 young (18432K), 2 survivors (2048K)
 Metaspace       used 157615K, committed 158784K, reserved 1245184K
  class space    used 21642K, committed 22208K, reserved 1048576K
}
Event: 1458.642 GC heap after
{Heap after GC invocations=90 (full 0):
 garbage-first heap   total 373760K, used 160314K [0x0000000080000000, 0x0000000100000000)
  region size 1024K, 1 young (1024K), 1 survivors (1024K)
 Metaspace       used 157615K, committed 158784K, reserved 1245184K
  class space    used 21642K, committed 22208K, reserved 1048576K
}
Event: 1459.082 GC heap before
{Heap before GC invocations=90 (full 0):
 garbage-first heap   total 373760K, used 176698K [0x0000000080000000, 0x0000000100000000)
  region size 1024K, 18 young (18432K), 1 survivors (1024K)
 Metaspace       used 157692K, committed 158848K, reserved 1245184K
  class space    used 21642K, committed 22208K, reserved 1048576K
}
Event: 1459.087 GC heap after
{Heap after GC invocations=91 (full 0):
 garbage-first heap   total 373760K, used 163620K [0x0000000080000000, 0x0000000100000000)
  region size 1024K, 5 young (5120K), 5 survivors (5120K)
 Metaspace       used 157692K, committed 158848K, reserved 1245184K
  class space    used 21642K, committed 22208K, reserved 1048576K
}
Event: 1460.282 GC heap before
{Heap before GC invocations=92 (full 0):
 garbage-first heap   total 373760K, used 293668K [0x0000000080000000, 0x0000000100000000)
  region size 1024K, 128 young (131072K), 5 survivors (5120K)
 Metaspace       used 158272K, committed 159424K, reserved 1245184K
  class space    used 21643K, committed 22208K, reserved 1048576K
}
Event: 1460.308 GC heap after
{Heap after GC invocations=93 (full 0):
 garbage-first heap   total 373760K, used 177679K [0x0000000080000000, 0x0000000100000000)
  region size 1024K, 16 young (16384K), 16 survivors (16384K)
 Metaspace       used 158272K, committed 159424K, reserved 1245184K
  class space    used 21643K, committed 22208K, reserved 1048576K
}
Event: 1460.328 GC heap before
{Heap before GC invocations=93 (full 0):
 garbage-first heap   total 373760K, used 179727K [0x0000000080000000, 0x0000000100000000)
  region size 1024K, 18 young (18432K), 16 survivors (16384K)
 Metaspace       used 158289K, committed 159424K, reserved 1245184K
  class space    used 21643K, committed 22208K, reserved 1048576K
}
Event: 1460.352 GC heap after
{Heap after GC invocations=94 (full 0):
 garbage-first heap   total 373760K, used 172691K [0x0000000080000000, 0x0000000100000000)
  region size 1024K, 2 young (2048K), 2 survivors (2048K)
 Metaspace       used 158289K, committed 159424K, reserved 1245184K
  class space    used 21643K, committed 22208K, reserved 1048576K
}
Event: 1460.971 GC heap before
{Heap before GC invocations=94 (full 0):
 garbage-first heap   total 373760K, used 262803K [0x0000000080000000, 0x0000000100000000)
  region size 1024K, 92 young (94208K), 2 survivors (2048K)
 Metaspace       used 158605K, committed 159744K, reserved 1245184K
  class space    used 21643K, committed 22208K, reserved 1048576K
}
Event: 1460.976 GC heap after
{Heap after GC invocations=95 (full 0):
 garbage-first heap   total 373760K, used 173712K [0x0000000080000000, 0x0000000100000000)
  region size 1024K, 3 young (3072K), 3 survivors (3072K)
 Metaspace       used 158605K, committed 159744K, reserved 1245184K
  class space    used 21643K, committed 22208K, reserved 1048576K
}
Event: 3862.391 GC heap before
{Heap before GC invocations=96 (full 0):
 garbage-first heap   total 373760K, used 337552K [0x0000000080000000, 0x0000000100000000)
  region size 1024K, 123 young (125952K), 3 survivors (3072K)
 Metaspace       used 158848K, committed 160000K, reserved 1245184K
  class space    used 21645K, committed 22208K, reserved 1048576K
}
Event: 3862.475 GC heap after
{Heap after GC invocations=97 (full 0):
 garbage-first heap   total 373760K, used 173783K [0x0000000080000000, 0x0000000100000000)
  region size 1024K, 3 young (3072K), 3 survivors (3072K)
 Metaspace       used 158848K, committed 160000K, reserved 1245184K
  class space    used 21645K, committed 22208K, reserved 1048576K
}
Event: 4712.381 GC heap before
{Heap before GC invocations=97 (full 0):
 garbage-first heap   total 373760K, used 188119K [0x0000000080000000, 0x0000000100000000)
  region size 1024K, 18 young (18432K), 3 survivors (3072K)
 Metaspace       used 158855K, committed 160000K, reserved 1245184K
  class space    used 21645K, committed 22208K, reserved 1048576K
}
Event: 4712.586 GC heap after
{Heap after GC invocations=98 (full 0):
 garbage-first heap   total 373760K, used 170176K [0x0000000080000000, 0x0000000100000000)
  region size 1024K, 1 young (1024K), 1 survivors (1024K)
 Metaspace       used 158855K, committed 160000K, reserved 1245184K
  class space    used 21645K, committed 22208K, reserved 1048576K
}
Event: 5061.220 GC heap before
{Heap before GC invocations=98 (full 0):
 garbage-first heap   total 373760K, used 176320K [0x0000000080000000, 0x0000000100000000)
  region size 1024K, 8 young (8192K), 1 survivors (1024K)
 Metaspace       used 158855K, committed 160000K, reserved 1245184K
  class space    used 21645K, committed 22208K, reserved 1048576K
}
Event: 5063.283 GC heap after
{Heap after GC invocations=99 (full 1):
 garbage-first heap   total 342016K, used 97907K [0x0000000080000000, 0x0000000100000000)
  region size 1024K, 0 young (0K), 0 survivors (0K)
 Metaspace       used 157703K, committed 160000K, reserved 1245184K
  class space    used 21417K, committed 22208K, reserved 1048576K
}

